2023-10-11T00:17:50.561+05:30  WARN 47191 --- [HikariPool-1 housekeeper] com.zaxxer.hikari.pool.HikariPool        : HikariPool-1 - Thread starvation or clock leap detected (housekeeper delta=25m32s169ms).
2023-10-11T00:18:44.184+05:30  INFO 47191 --- [http-nio-8009-exec-3] o.apache.coyote.http11.Http11Processor   : Error parsing HTTP request header
 Note: further occurrences of HTTP request parsing errors will be logged at DEBUG level.

java.lang.IllegalArgumentException: Invalid character found in method name [0x160x030x010x02L0x010x000x02H0x030x030xa50xd80xddst[0x0a0x980xbb0xeb8n0xb540xfe6!0xa9jG0xe40xa0fjD0xe80xf90xe40xcdom3 ]. HTTP method names must be tokens
	at org.apache.coyote.http11.Http11InputBuffer.parseRequestLine(Http11InputBuffer.java:407) ~[tomcat-embed-core-10.1.11.jar:10.1.11]
	at org.apache.coyote.http11.Http11Processor.service(Http11Processor.java:264) ~[tomcat-embed-core-10.1.11.jar:10.1.11]
	at org.apache.coyote.AbstractProcessorLight.process(AbstractProcessorLight.java:63) ~[tomcat-embed-core-10.1.11.jar:10.1.11]
	at org.apache.coyote.AbstractProtocol$ConnectionHandler.process(AbstractProtocol.java:894) ~[tomcat-embed-core-10.1.11.jar:10.1.11]
	at org.apache.tomcat.util.net.NioEndpoint$SocketProcessor.doRun(NioEndpoint.java:1740) ~[tomcat-embed-core-10.1.11.jar:10.1.11]
	at org.apache.tomcat.util.net.SocketProcessorBase.run(SocketProcessorBase.java:52) ~[tomcat-embed-core-10.1.11.jar:10.1.11]
	at org.apache.tomcat.util.threads.ThreadPoolExecutor.runWorker(ThreadPoolExecutor.java:1191) ~[tomcat-embed-core-10.1.11.jar:10.1.11]
	at org.apache.tomcat.util.threads.ThreadPoolExecutor$Worker.run(ThreadPoolExecutor.java:659) ~[tomcat-embed-core-10.1.11.jar:10.1.11]
	at org.apache.tomcat.util.threads.TaskThread$WrappingRunnable.run(TaskThread.java:61) ~[tomcat-embed-core-10.1.11.jar:10.1.11]
	at java.base/java.lang.Thread.run(Thread.java:1623) ~[na:na]

2023-10-11T01:26:07.015+05:30  INFO 47191 --- [SpringApplicationShutdownHook] com.zaxxer.hikari.HikariDataSource       : HikariPool-1 - Shutdown initiated...
2023-10-11T01:26:07.034+05:30  INFO 47191 --- [SpringApplicationShutdownHook] com.zaxxer.hikari.HikariDataSource       : HikariPool-1 - Shutdown completed.
2023-10-11T01:26:21.139+05:30  INFO 50105 --- [main] c.c.s.helper_App.DemoApplication         : Starting DemoApplication using Java 20.0.1 with PID 50105 (/Users/pavithra/Documents/HelperApp Update/target/classes started by pavithra in /Users/pavithra/Documents/HelperApp Update)
2023-10-11T01:26:21.143+05:30  INFO 50105 --- [main] c.c.s.helper_App.DemoApplication         : No active profile set, falling back to 1 default profile: "default"
2023-10-11T01:26:24.601+05:30  INFO 50105 --- [main] o.apache.catalina.core.StandardService   : Starting service [Tomcat]
2023-10-11T01:26:24.602+05:30  INFO 50105 --- [main] o.apache.catalina.core.StandardEngine    : Starting Servlet engine: [Apache Tomcat/10.1.11]
2023-10-11T01:26:24.742+05:30  INFO 50105 --- [main] o.a.c.c.C.[Tomcat].[localhost].[/]       : Initializing Spring embedded WebApplicationContext
2023-10-11T01:26:25.159+05:30  INFO 50105 --- [main] o.hibernate.jpa.internal.util.LogHelper  : HHH000204: Processing PersistenceUnitInfo [name: default]
2023-10-11T01:26:25.193+05:30  INFO 50105 --- [main] org.hibernate.Version                    : HHH000412: Hibernate ORM core version 6.2.6.Final
2023-10-11T01:26:25.195+05:30  INFO 50105 --- [main] org.hibernate.cfg.Environment            : HHH000406: Using bytecode reflection optimizer
2023-10-11T01:26:25.497+05:30  INFO 50105 --- [main] o.h.b.i.BytecodeProviderInitiator        : HHH000021: Bytecode provider name : bytebuddy
2023-10-11T01:26:25.695+05:30  INFO 50105 --- [main] com.zaxxer.hikari.HikariDataSource       : HikariPool-1 - Starting...
2023-10-11T01:26:26.198+05:30  INFO 50105 --- [main] com.zaxxer.hikari.pool.HikariPool        : HikariPool-1 - Added connection com.mysql.cj.jdbc.ConnectionImpl@5a0f87e5
2023-10-11T01:26:26.201+05:30  INFO 50105 --- [main] com.zaxxer.hikari.HikariDataSource       : HikariPool-1 - Start completed.
2023-10-11T01:26:26.599+05:30  INFO 50105 --- [main] o.h.b.i.BytecodeProviderInitiator        : HHH000021: Bytecode provider name : bytebuddy
2023-10-11T01:26:27.749+05:30  INFO 50105 --- [main] o.h.e.t.j.p.i.JtaPlatformInitiator       : HHH000490: Using JtaPlatform implementation: [org.hibernate.engine.transaction.jta.platform.internal.NoJtaPlatform]
2023-10-11T01:26:30.331+05:30  INFO 50105 --- [main] c.c.s.helper_App.DemoApplication         : Started DemoApplication in 9.942 seconds (process running for 10.545)
2023-10-11T01:26:39.786+05:30  INFO 50105 --- [http-nio-8009-exec-2] o.a.c.c.C.[Tomcat].[localhost].[/]       : Initializing Spring DispatcherServlet 'dispatcherServlet'
2023-10-11T01:28:04.438+05:30  INFO 50105 --- [SpringApplicationShutdownHook] com.zaxxer.hikari.HikariDataSource       : HikariPool-1 - Shutdown initiated...
2023-10-11T01:28:04.454+05:30  INFO 50105 --- [SpringApplicationShutdownHook] com.zaxxer.hikari.HikariDataSource       : HikariPool-1 - Shutdown completed.
2023-10-11T01:28:18.127+05:30  INFO 50229 --- [main] c.c.s.helper_App.DemoApplication         : Starting DemoApplication using Java 20.0.1 with PID 50229 (/Users/pavithra/Documents/HelperApp Update/target/classes started by pavithra in /Users/pavithra/Documents/HelperApp Update)
2023-10-11T01:28:18.130+05:30  INFO 50229 --- [main] c.c.s.helper_App.DemoApplication         : No active profile set, falling back to 1 default profile: "default"
2023-10-11T01:28:21.336+05:30  INFO 50229 --- [main] o.apache.catalina.core.StandardService   : Starting service [Tomcat]
2023-10-11T01:28:21.336+05:30  INFO 50229 --- [main] o.apache.catalina.core.StandardEngine    : Starting Servlet engine: [Apache Tomcat/10.1.11]
2023-10-11T01:28:21.467+05:30  INFO 50229 --- [main] o.a.c.c.C.[Tomcat].[localhost].[/]       : Initializing Spring embedded WebApplicationContext
2023-10-11T01:28:21.945+05:30  INFO 50229 --- [main] o.hibernate.jpa.internal.util.LogHelper  : HHH000204: Processing PersistenceUnitInfo [name: default]
2023-10-11T01:28:21.982+05:30  INFO 50229 --- [main] org.hibernate.Version                    : HHH000412: Hibernate ORM core version 6.2.6.Final
2023-10-11T01:28:21.984+05:30  INFO 50229 --- [main] org.hibernate.cfg.Environment            : HHH000406: Using bytecode reflection optimizer
2023-10-11T01:28:22.292+05:30  INFO 50229 --- [main] o.h.b.i.BytecodeProviderInitiator        : HHH000021: Bytecode provider name : bytebuddy
2023-10-11T01:28:22.501+05:30  INFO 50229 --- [main] com.zaxxer.hikari.HikariDataSource       : HikariPool-1 - Starting...
2023-10-11T01:28:22.958+05:30  INFO 50229 --- [main] com.zaxxer.hikari.pool.HikariPool        : HikariPool-1 - Added connection com.mysql.cj.jdbc.ConnectionImpl@5a0f87e5
2023-10-11T01:28:22.961+05:30  INFO 50229 --- [main] com.zaxxer.hikari.HikariDataSource       : HikariPool-1 - Start completed.
2023-10-11T01:28:23.327+05:30  INFO 50229 --- [main] o.h.b.i.BytecodeProviderInitiator        : HHH000021: Bytecode provider name : bytebuddy
2023-10-11T01:28:24.449+05:30  INFO 50229 --- [main] o.h.e.t.j.p.i.JtaPlatformInitiator       : HHH000490: Using JtaPlatform implementation: [org.hibernate.engine.transaction.jta.platform.internal.NoJtaPlatform]
2023-10-11T01:28:27.158+05:30  INFO 50229 --- [main] c.c.s.helper_App.DemoApplication         : Started DemoApplication in 9.763 seconds (process running for 10.395)
2023-10-11T01:28:33.121+05:30  INFO 50229 --- [http-nio-8009-exec-3] o.a.c.c.C.[Tomcat].[localhost].[/]       : Initializing Spring DispatcherServlet 'dispatcherServlet'
2023-10-11T01:29:01.188+05:30  INFO 50229 --- [SpringApplicationShutdownHook] com.zaxxer.hikari.HikariDataSource       : HikariPool-1 - Shutdown initiated...
2023-10-11T01:29:01.201+05:30  INFO 50229 --- [SpringApplicationShutdownHook] com.zaxxer.hikari.HikariDataSource       : HikariPool-1 - Shutdown completed.
2023-10-11T01:29:09.407+05:30  INFO 50247 --- [main] c.c.s.helper_App.DemoApplication         : Starting DemoApplication using Java 20.0.1 with PID 50247 (/Users/pavithra/Documents/HelperApp Update/target/classes started by pavithra in /Users/pavithra/Documents/HelperApp Update)
2023-10-11T01:29:09.410+05:30  INFO 50247 --- [main] c.c.s.helper_App.DemoApplication         : No active profile set, falling back to 1 default profile: "default"
2023-10-11T01:29:12.601+05:30  INFO 50247 --- [main] o.apache.catalina.core.StandardService   : Starting service [Tomcat]
2023-10-11T01:29:12.602+05:30  INFO 50247 --- [main] o.apache.catalina.core.StandardEngine    : Starting Servlet engine: [Apache Tomcat/10.1.11]
2023-10-11T01:29:12.732+05:30  INFO 50247 --- [main] o.a.c.c.C.[Tomcat].[localhost].[/]       : Initializing Spring embedded WebApplicationContext
2023-10-11T01:29:13.108+05:30  INFO 50247 --- [main] o.hibernate.jpa.internal.util.LogHelper  : HHH000204: Processing PersistenceUnitInfo [name: default]
2023-10-11T01:29:13.146+05:30  INFO 50247 --- [main] org.hibernate.Version                    : HHH000412: Hibernate ORM core version 6.2.6.Final
2023-10-11T01:29:13.148+05:30  INFO 50247 --- [main] org.hibernate.cfg.Environment            : HHH000406: Using bytecode reflection optimizer
2023-10-11T01:29:13.472+05:30  INFO 50247 --- [main] o.h.b.i.BytecodeProviderInitiator        : HHH000021: Bytecode provider name : bytebuddy
2023-10-11T01:29:13.660+05:30  INFO 50247 --- [main] com.zaxxer.hikari.HikariDataSource       : HikariPool-1 - Starting...
2023-10-11T01:29:14.134+05:30  INFO 50247 --- [main] com.zaxxer.hikari.pool.HikariPool        : HikariPool-1 - Added connection com.mysql.cj.jdbc.ConnectionImpl@5d08976a
2023-10-11T01:29:14.136+05:30  INFO 50247 --- [main] com.zaxxer.hikari.HikariDataSource       : HikariPool-1 - Start completed.
2023-10-11T01:29:14.534+05:30  INFO 50247 --- [main] o.h.b.i.BytecodeProviderInitiator        : HHH000021: Bytecode provider name : bytebuddy
2023-10-11T01:29:15.668+05:30  INFO 50247 --- [main] o.h.e.t.j.p.i.JtaPlatformInitiator       : HHH000490: Using JtaPlatform implementation: [org.hibernate.engine.transaction.jta.platform.internal.NoJtaPlatform]
2023-10-11T01:29:18.379+05:30  INFO 50247 --- [main] c.c.s.helper_App.DemoApplication         : Started DemoApplication in 9.758 seconds (process running for 10.409)
2023-10-11T01:29:21.737+05:30  INFO 50247 --- [http-nio-8009-exec-2] o.a.c.c.C.[Tomcat].[localhost].[/]       : Initializing Spring DispatcherServlet 'dispatcherServlet'
2023-10-11T01:30:52.874+05:30  INFO 50247 --- [http-nio-8009-exec-4] c.c.s.h.a.AspectForExceptionHandling     : Method started: AuthController.registerUser(..)
2023-10-11T01:30:53.172+05:30 ERROR 50247 --- [http-nio-8009-exec-4] c.c.s.h.a.AspectForExceptionHandling     : Exception occurred in method: AuthController.registerUser(..), Exception message: Validation failed for classes [com.cdw.springenablement.helper_App.entity.Users] during persist time for groups [jakarta.validation.groups.Default, ]
List of constraint violations:[
	ConstraintViolationImpl{interpolatedMessage='Gender must be FEMALE or MALE', propertyPath=gender, rootBeanClass=class com.cdw.springenablement.helper_App.entity.Users, messageTemplate='Gender must be FEMALE or MALE'}
	ConstraintViolationImpl{interpolatedMessage='Username must contain only letters ', propertyPath=firstName, rootBeanClass=class com.cdw.springenablement.helper_App.entity.Users, messageTemplate='Username must contain only letters '}
]
2023-10-11T01:30:57.277+05:30  INFO 50247 --- [http-nio-8009-exec-6] c.c.s.h.a.AspectForExceptionHandling     : Method started: AuthController.registerUser(..)
2023-10-11T01:30:57.387+05:30 ERROR 50247 --- [http-nio-8009-exec-6] c.c.s.h.a.AspectForExceptionHandling     : Exception occurred in method: AuthController.registerUser(..), Exception message: Validation failed for classes [com.cdw.springenablement.helper_App.entity.Users] during persist time for groups [jakarta.validation.groups.Default, ]
List of constraint violations:[
	ConstraintViolationImpl{interpolatedMessage='Username must contain only letters ', propertyPath=firstName, rootBeanClass=class com.cdw.springenablement.helper_App.entity.Users, messageTemplate='Username must contain only letters '}
]
2023-10-11T01:31:01.722+05:30  INFO 50247 --- [http-nio-8009-exec-7] c.c.s.h.a.AspectForExceptionHandling     : Method started: AuthController.registerUser(..)
2023-10-11T01:31:01.835+05:30 ERROR 50247 --- [http-nio-8009-exec-7] c.c.s.h.a.AspectForExceptionHandling     : Exception occurred in method: AuthController.registerUser(..), Exception message: Validation failed for classes [com.cdw.springenablement.helper_App.entity.Users] during persist time for groups [jakarta.validation.groups.Default, ]
List of constraint violations:[
	ConstraintViolationImpl{interpolatedMessage='size must be between 5 and 2147483647', propertyPath=firstName, rootBeanClass=class com.cdw.springenablement.helper_App.entity.Users, messageTemplate='{jakarta.validation.constraints.Size.message}'}
]
2023-10-11T01:31:08.594+05:30  INFO 50247 --- [http-nio-8009-exec-9] c.c.s.h.a.AspectForExceptionHandling     : Method started: AuthController.registerUser(..)
2023-10-11T01:31:08.753+05:30  INFO 50247 --- [http-nio-8009-exec-9] c.c.s.h.a.AspectForExceptionHandling     : Method finished: AuthController.registerUser(..)
2023-10-11T01:31:41.336+05:30  INFO 50247 --- [http-nio-8009-exec-1] c.c.s.h.a.AspectForExceptionHandling     : Method started: AuthController.loginUser(..)
2023-10-11T01:31:41.359+05:30  INFO 50247 --- [http-nio-8009-exec-1] c.c.s.h.a.AspectForExceptionHandling     : Method finished: AuthController.loginUser(..)
2023-10-11T01:31:47.951+05:30  INFO 50247 --- [http-nio-8009-exec-2] c.c.s.h.a.AspectForExceptionHandling     : Method started: AuthController.loginUser(..)
2023-10-11T01:31:48.166+05:30  INFO 50247 --- [http-nio-8009-exec-2] c.c.s.h.a.AspectForExceptionHandling     : Method finished: AuthController.loginUser(..)
2023-10-11T01:32:24.895+05:30  INFO 50247 --- [http-nio-8009-exec-4] c.c.s.h.a.AspectForExceptionHandling     : Method started: AdminController.getApprovalRequest()
2023-10-11T01:32:24.927+05:30  INFO 50247 --- [http-nio-8009-exec-4] c.c.s.h.a.AspectForExceptionHandling     : Method finished: AdminController.getApprovalRequest()
2023-10-11T01:33:10.129+05:30  INFO 50247 --- [http-nio-8009-exec-6] c.c.s.h.a.AspectForExceptionHandling     : Method started: AdminController.approveRequest(..)
2023-10-11T01:33:10.168+05:30  INFO 50247 --- [http-nio-8009-exec-6] c.c.s.h.a.AspectForExceptionHandling     : Method finished: AdminController.approveRequest(..)
2023-10-11T01:33:15.169+05:30  INFO 50247 --- [http-nio-8009-exec-8] c.c.s.h.a.AspectForExceptionHandling     : Method started: AdminController.getApprovalRequest()
2023-10-11T01:33:15.182+05:30  INFO 50247 --- [http-nio-8009-exec-8] c.c.s.h.a.AspectForExceptionHandling     : Method finished: AdminController.getApprovalRequest()
2023-10-11T01:33:42.275+05:30  INFO 50247 --- [http-nio-8009-exec-10] c.c.s.h.a.AspectForExceptionHandling     : Method started: AdminController.rejectRequest(..)
2023-10-11T01:33:42.301+05:30  INFO 50247 --- [http-nio-8009-exec-10] c.c.s.h.a.AspectForExceptionHandling     : Method finished: AdminController.rejectRequest(..)
2023-10-11T01:33:45.495+05:30  INFO 50247 --- [http-nio-8009-exec-9] c.c.s.h.a.AspectForExceptionHandling     : Method started: AdminController.getApprovalRequest()
2023-10-11T01:33:45.503+05:30  INFO 50247 --- [http-nio-8009-exec-9] c.c.s.h.a.AspectForExceptionHandling     : Method finished: AdminController.getApprovalRequest()
2023-10-11T01:34:08.084+05:30  INFO 50247 --- [http-nio-8009-exec-1] c.c.s.h.a.AspectForExceptionHandling     : Method started: AuthController.loginUser(..)
2023-10-11T01:34:08.207+05:30  INFO 50247 --- [http-nio-8009-exec-1] c.c.s.h.a.AspectForExceptionHandling     : Method finished: AuthController.loginUser(..)
2023-10-11T01:40:19.742+05:30  INFO 50247 --- [SpringApplicationShutdownHook] com.zaxxer.hikari.HikariDataSource       : HikariPool-1 - Shutdown initiated...
2023-10-11T01:40:19.761+05:30  INFO 50247 --- [SpringApplicationShutdownHook] com.zaxxer.hikari.HikariDataSource       : HikariPool-1 - Shutdown completed.
2023-10-11T01:40:28.146+05:30  INFO 50551 --- [main] c.c.s.helper_App.DemoApplication         : Starting DemoApplication using Java 20.0.1 with PID 50551 (/Users/pavithra/Documents/HelperApp Update/target/classes started by pavithra in /Users/pavithra/Documents/HelperApp Update)
2023-10-11T01:40:28.148+05:30  INFO 50551 --- [main] c.c.s.helper_App.DemoApplication         : No active profile set, falling back to 1 default profile: "default"
2023-10-11T01:40:31.503+05:30  INFO 50551 --- [main] o.apache.catalina.core.StandardService   : Starting service [Tomcat]
2023-10-11T01:40:31.504+05:30  INFO 50551 --- [main] o.apache.catalina.core.StandardEngine    : Starting Servlet engine: [Apache Tomcat/10.1.11]
2023-10-11T01:40:31.656+05:30  INFO 50551 --- [main] o.a.c.c.C.[Tomcat].[localhost].[/]       : Initializing Spring embedded WebApplicationContext
2023-10-11T01:40:32.042+05:30  INFO 50551 --- [main] o.hibernate.jpa.internal.util.LogHelper  : HHH000204: Processing PersistenceUnitInfo [name: default]
2023-10-11T01:40:32.081+05:30  INFO 50551 --- [main] org.hibernate.Version                    : HHH000412: Hibernate ORM core version 6.2.6.Final
2023-10-11T01:40:32.084+05:30  INFO 50551 --- [main] org.hibernate.cfg.Environment            : HHH000406: Using bytecode reflection optimizer
2023-10-11T01:40:32.386+05:30  INFO 50551 --- [main] o.h.b.i.BytecodeProviderInitiator        : HHH000021: Bytecode provider name : bytebuddy
2023-10-11T01:40:32.570+05:30  INFO 50551 --- [main] com.zaxxer.hikari.HikariDataSource       : HikariPool-1 - Starting...
2023-10-11T01:40:33.014+05:30  INFO 50551 --- [main] com.zaxxer.hikari.pool.HikariPool        : HikariPool-1 - Added connection com.mysql.cj.jdbc.ConnectionImpl@5d08976a
2023-10-11T01:40:33.017+05:30  INFO 50551 --- [main] com.zaxxer.hikari.HikariDataSource       : HikariPool-1 - Start completed.
2023-10-11T01:40:33.374+05:30  INFO 50551 --- [main] o.h.b.i.BytecodeProviderInitiator        : HHH000021: Bytecode provider name : bytebuddy
2023-10-11T01:40:34.483+05:30  INFO 50551 --- [main] o.h.e.t.j.p.i.JtaPlatformInitiator       : HHH000490: Using JtaPlatform implementation: [org.hibernate.engine.transaction.jta.platform.internal.NoJtaPlatform]
2023-10-11T01:40:37.073+05:30  INFO 50551 --- [main] c.c.s.helper_App.DemoApplication         : Started DemoApplication in 9.663 seconds (process running for 10.273)
2023-10-11T01:40:40.581+05:30  INFO 50551 --- [http-nio-8009-exec-2] o.a.c.c.C.[Tomcat].[localhost].[/]       : Initializing Spring DispatcherServlet 'dispatcherServlet'
2023-10-11T01:40:40.777+05:30  INFO 50551 --- [http-nio-8009-exec-2] c.c.s.h.a.AspectForExceptionHandling     : Method started: AuthController.loginUser(..)
2023-10-11T01:40:40.919+05:30  INFO 50551 --- [http-nio-8009-exec-2] c.c.s.h.a.AspectForExceptionHandling     : Method finished: AuthController.loginUser(..)
2023-10-11T01:40:57.105+05:30  INFO 50551 --- [http-nio-8009-exec-3] c.c.s.h.a.AspectForExceptionHandling     : Method started: AuthController.registerUser(..)
2023-10-11T01:40:57.294+05:30  INFO 50551 --- [http-nio-8009-exec-3] c.c.s.h.a.AspectForExceptionHandling     : Method finished: AuthController.registerUser(..)
2023-10-11T01:41:02.265+05:30  INFO 50551 --- [http-nio-8009-exec-4] c.c.s.h.a.AspectForExceptionHandling     : Method started: AdminController.getApprovalRequest()
2023-10-11T01:41:02.319+05:30  INFO 50551 --- [http-nio-8009-exec-4] c.c.s.h.a.AspectForExceptionHandling     : Method finished: AdminController.getApprovalRequest()
2023-10-11T01:41:07.599+05:30  INFO 50551 --- [http-nio-8009-exec-5] c.c.s.h.a.AspectForExceptionHandling     : Method started: AdminController.approveRequest(..)
2023-10-11T01:41:07.636+05:30  INFO 50551 --- [http-nio-8009-exec-5] c.c.s.h.a.AspectForExceptionHandling     : Method finished: AdminController.approveRequest(..)
2023-10-11T01:41:20.500+05:30  INFO 50551 --- [http-nio-8009-exec-6] c.c.s.h.a.AspectForExceptionHandling     : Method started: AuthController.loginUser(..)
2023-10-11T01:41:20.909+05:30  INFO 50551 --- [http-nio-8009-exec-6] c.c.s.h.a.AspectForExceptionHandling     : Method finished: AuthController.loginUser(..)
2023-10-11T01:41:52.699+05:30  INFO 50551 --- [http-nio-8009-exec-8] c.c.s.h.a.AspectForExceptionHandling     : Method started: UserController.getAvailableTechnicians()
2023-10-11T01:41:52.893+05:30  INFO 50551 --- [http-nio-8009-exec-8] c.c.s.h.a.AspectForExceptionHandling     : Method finished: UserController.getAvailableTechnicians()
2023-10-11T01:42:18.221+05:30  INFO 50551 --- [http-nio-8009-exec-10] c.c.s.h.a.AspectForExceptionHandling     : Method started: UserController.bookTechnicianSlot(..)
2023-10-11T01:42:18.279+05:30 ERROR 50551 --- [http-nio-8009-exec-10] c.c.s.h.a.AspectForExceptionHandling     : Exception occurred in method: UserController.bookTechnicianSlot(..), Exception message: Selected helper is already booked for the specified time slot
2023-10-11T01:42:23.862+05:30  INFO 50551 --- [http-nio-8009-exec-2] c.c.s.h.a.AspectForExceptionHandling     : Method started: UserController.bookTechnicianSlot(..)
2023-10-11T01:42:23.892+05:30 ERROR 50551 --- [http-nio-8009-exec-2] c.c.s.h.a.AspectForExceptionHandling     : Exception occurred in method: UserController.bookTechnicianSlot(..), Exception message: Selected helper is already booked for the specified time slot
2023-10-11T01:42:35.301+05:30  INFO 50551 --- [http-nio-8009-exec-4] c.c.s.h.a.AspectForExceptionHandling     : Method started: UserController.bookTechnicianSlot(..)
2023-10-11T01:42:35.330+05:30  INFO 50551 --- [http-nio-8009-exec-4] c.c.s.h.a.AspectForExceptionHandling     : Method finished: UserController.bookTechnicianSlot(..)
2023-10-11T01:42:39.217+05:30  INFO 50551 --- [http-nio-8009-exec-5] c.c.s.h.a.AspectForExceptionHandling     : Method started: UserController.getAvailableTechnicians()
2023-10-11T01:42:39.304+05:30  INFO 50551 --- [http-nio-8009-exec-5] c.c.s.h.a.AspectForExceptionHandling     : Method finished: UserController.getAvailableTechnicians()
2023-10-11T01:44:11.385+05:30  INFO 50551 --- [http-nio-8009-exec-9] c.c.s.h.a.AspectForExceptionHandling     : Method started: AuthController.registerUser(..)
2023-10-11T01:44:11.390+05:30  INFO 50551 --- [http-nio-8009-exec-9] c.c.s.h.a.AspectForExceptionHandling     : Method finished: AuthController.registerUser(..)
2023-10-11T01:44:30.274+05:30  INFO 50551 --- [http-nio-8009-exec-10] c.c.s.h.a.AspectForExceptionHandling     : Method started: AuthController.registerUser(..)
2023-10-11T01:44:30.304+05:30 ERROR 50551 --- [http-nio-8009-exec-10] c.c.s.h.a.AspectForExceptionHandling     : Exception occurred in method: AuthController.registerUser(..), Exception message: User with this email already exists.
2023-10-11T01:44:57.409+05:30  INFO 50551 --- [http-nio-8009-exec-2] c.c.s.h.a.AspectForExceptionHandling     : Method started: AuthController.registerUser(..)
2023-10-11T01:44:57.577+05:30  INFO 50551 --- [http-nio-8009-exec-2] c.c.s.h.a.AspectForExceptionHandling     : Method finished: AuthController.registerUser(..)
2023-10-11T01:45:04.056+05:30  INFO 50551 --- [http-nio-8009-exec-3] c.c.s.h.a.AspectForExceptionHandling     : Method started: AuthController.registerUser(..)
2023-10-11T01:45:04.060+05:30  INFO 50551 --- [http-nio-8009-exec-3] c.c.s.h.a.AspectForExceptionHandling     : Method finished: AuthController.registerUser(..)
2023-10-11T01:45:14.633+05:30  INFO 50551 --- [http-nio-8009-exec-4] c.c.s.h.a.AspectForExceptionHandling     : Method started: AuthController.registerUser(..)
2023-10-11T01:45:14.643+05:30 ERROR 50551 --- [http-nio-8009-exec-4] c.c.s.h.a.AspectForExceptionHandling     : Exception occurred in method: AuthController.registerUser(..), Exception message: User with this email already exists.
2023-10-11T01:45:22.137+05:30  INFO 50551 --- [http-nio-8009-exec-6] c.c.s.h.a.AspectForExceptionHandling     : Method started: AuthController.registerUser(..)
2023-10-11T01:45:22.140+05:30  INFO 50551 --- [http-nio-8009-exec-6] c.c.s.h.a.AspectForExceptionHandling     : Method finished: AuthController.registerUser(..)
2023-10-11T01:45:27.892+05:30  INFO 50551 --- [http-nio-8009-exec-7] c.c.s.h.a.AspectForExceptionHandling     : Method started: AuthController.registerUser(..)
2023-10-11T01:45:28.026+05:30  INFO 50551 --- [http-nio-8009-exec-7] c.c.s.h.a.AspectForExceptionHandling     : Method finished: AuthController.registerUser(..)
2023-10-11T01:45:46.811+05:30  INFO 50551 --- [http-nio-8009-exec-9] c.c.s.h.a.AspectForExceptionHandling     : Method started: AdminController.getApprovalRequest()
2023-10-11T01:45:46.828+05:30  INFO 50551 --- [http-nio-8009-exec-9] c.c.s.h.a.AspectForExceptionHandling     : Method finished: AdminController.getApprovalRequest()
2023-10-11T01:45:56.015+05:30  INFO 50551 --- [http-nio-8009-exec-10] c.c.s.h.a.AspectForExceptionHandling     : Method started: AdminController.approveRequest(..)
2023-10-11T01:45:56.039+05:30  INFO 50551 --- [http-nio-8009-exec-10] c.c.s.h.a.AspectForExceptionHandling     : Method finished: AdminController.approveRequest(..)
2023-10-11T01:46:09.782+05:30  INFO 50551 --- [http-nio-8009-exec-1] c.c.s.h.a.AspectForExceptionHandling     : Method started: AuthController.loginUser(..)
2023-10-11T01:46:09.899+05:30  INFO 50551 --- [http-nio-8009-exec-1] c.c.s.h.a.AspectForExceptionHandling     : Method finished: AuthController.loginUser(..)
2023-10-11T01:46:22.797+05:30  INFO 50551 --- [http-nio-8009-exec-2] c.c.s.h.a.AspectForExceptionHandling     : Method started: HelperController.getHelperAppointments(..)
2023-10-11T01:46:22.906+05:30  INFO 50551 --- [http-nio-8009-exec-2] c.c.s.h.a.AspectForExceptionHandling     : Method finished: HelperController.getHelperAppointments(..)
2023-10-11T01:46:33.830+05:30  INFO 50551 --- [http-nio-8009-exec-3] c.c.s.h.a.AspectForExceptionHandling     : Method started: HelperController.getHelperAppointments(..)
2023-10-11T01:46:33.851+05:30  INFO 50551 --- [http-nio-8009-exec-3] c.c.s.h.a.AspectForExceptionHandling     : Method finished: HelperController.getHelperAppointments(..)
2023-10-11T01:47:25.744+05:30  INFO 50551 --- [http-nio-8009-exec-4] c.c.s.h.a.AspectForExceptionHandling     : Method started: AuthController.logoutUser(..)
2023-10-11T01:47:25.757+05:30  INFO 50551 --- [http-nio-8009-exec-4] c.c.s.h.a.AspectForExceptionHandling     : Method finished: AuthController.logoutUser(..)
2023-10-11T01:47:43.381+05:30  INFO 50551 --- [http-nio-8009-exec-5] c.c.s.h.a.AspectForExceptionHandling     : Method started: AuthController.logoutUser(..)
2023-10-11T01:47:43.397+05:30  INFO 50551 --- [http-nio-8009-exec-5] c.c.s.h.a.AspectForExceptionHandling     : Method finished: AuthController.logoutUser(..)
2023-10-11T01:47:46.817+05:30  INFO 50551 --- [http-nio-8009-exec-6] c.c.s.h.a.AspectForExceptionHandling     : Method started: HelperController.getHelperAppointments(..)
2023-10-11T01:47:46.841+05:30  INFO 50551 --- [http-nio-8009-exec-6] c.c.s.h.a.AspectForExceptionHandling     : Method finished: HelperController.getHelperAppointments(..)
2023-10-11T01:47:56.996+05:30  INFO 50551 --- [http-nio-8009-exec-8] c.c.s.h.a.AspectForExceptionHandling     : Method started: AuthController.loginUser(..)
2023-10-11T01:47:57.120+05:30  INFO 50551 --- [http-nio-8009-exec-8] c.c.s.h.a.AspectForExceptionHandling     : Method finished: AuthController.loginUser(..)
2023-10-11T01:48:07.625+05:30  INFO 50551 --- [http-nio-8009-exec-9] c.c.s.h.a.AspectForExceptionHandling     : Method started: AuthController.logoutUser(..)
2023-10-11T01:48:07.634+05:30  INFO 50551 --- [http-nio-8009-exec-9] c.c.s.h.a.AspectForExceptionHandling     : Method finished: AuthController.logoutUser(..)
2023-10-11T01:52:45.315+05:30  WARN 50551 --- [HikariPool-1 housekeeper] com.zaxxer.hikari.pool.HikariPool        : HikariPool-1 - Thread starvation or clock leap detected (housekeeper delta=1m12s108ms).
2023-10-11T03:11:13.037+05:30  WARN 50551 --- [HikariPool-1 housekeeper] com.zaxxer.hikari.pool.HikariPool        : HikariPool-1 - Thread starvation or clock leap detected (housekeeper delta=1h18m27s726ms).
2023-10-11T03:52:50.914+05:30  WARN 50551 --- [HikariPool-1 housekeeper] com.zaxxer.hikari.pool.HikariPool        : HikariPool-1 - Thread starvation or clock leap detected (housekeeper delta=41m37s878ms).
2023-10-11T04:53:47.838+05:30  WARN 50551 --- [HikariPool-1 housekeeper] com.zaxxer.hikari.pool.HikariPool        : HikariPool-1 - Thread starvation or clock leap detected (housekeeper delta=1h56s924ms).
2023-10-11T06:27:17.329+05:30  WARN 50551 --- [HikariPool-1 housekeeper] com.zaxxer.hikari.pool.HikariPool        : HikariPool-1 - Thread starvation or clock leap detected (housekeeper delta=1h33m29s491ms).
2023-10-11T07:29:46.130+05:30  WARN 50551 --- [HikariPool-1 housekeeper] com.zaxxer.hikari.pool.HikariPool        : HikariPool-1 - Thread starvation or clock leap detected (housekeeper delta=1h2m28s800ms).
2023-10-11T08:37:06.466+05:30  WARN 50551 --- [HikariPool-1 housekeeper] com.zaxxer.hikari.pool.HikariPool        : HikariPool-1 - Thread starvation or clock leap detected (housekeeper delta=1h7m20s336ms).
2023-10-11T08:38:50.976+05:30  WARN 50551 --- [HikariPool-1 housekeeper] com.zaxxer.hikari.pool.HikariPool        : HikariPool-1 - Thread starvation or clock leap detected (housekeeper delta=1m44s510ms).
2023-10-11T08:48:18.807+05:30  WARN 50551 --- [HikariPool-1 housekeeper] com.zaxxer.hikari.pool.HikariPool        : HikariPool-1 - Thread starvation or clock leap detected (housekeeper delta=9m27s830ms).
2023-10-11T09:12:38.724+05:30  WARN 50551 --- [HikariPool-1 housekeeper] com.zaxxer.hikari.pool.HikariPool        : HikariPool-1 - Thread starvation or clock leap detected (housekeeper delta=13m49s811ms).
2023-10-11T09:54:49.110+05:30  WARN 50551 --- [HikariPool-1 housekeeper] com.zaxxer.hikari.pool.HikariPool        : HikariPool-1 - Thread starvation or clock leap detected (housekeeper delta=42m10s388ms).
2023-10-11T10:18:19.452+05:30  WARN 50551 --- [HikariPool-1 housekeeper] com.zaxxer.hikari.pool.HikariPool        : HikariPool-1 - Thread starvation or clock leap detected (housekeeper delta=15m30s249ms).
2023-10-11T10:39:45.438+05:30  WARN 50551 --- [HikariPool-1 housekeeper] com.zaxxer.hikari.pool.HikariPool        : HikariPool-1 - Thread starvation or clock leap detected (housekeeper delta=21m25s987ms).
2023-10-11T10:40:57.733+05:30  INFO 50551 --- [SpringApplicationShutdownHook] com.zaxxer.hikari.HikariDataSource       : HikariPool-1 - Shutdown initiated...
2023-10-11T10:40:57.747+05:30  INFO 50551 --- [SpringApplicationShutdownHook] com.zaxxer.hikari.HikariDataSource       : HikariPool-1 - Shutdown completed.
2023-10-11T12:34:14.686+05:30  INFO 55019 --- [main] c.c.s.helper_App.DemoApplication         : Starting DemoApplication using Java 20.0.1 with PID 55019 (/Users/pavithra/Documents/HelperApp Update/target/classes started by pavithra in /Users/pavithra/Documents/HelperApp Update)
2023-10-11T12:34:14.689+05:30  INFO 55019 --- [main] c.c.s.helper_App.DemoApplication         : No active profile set, falling back to 1 default profile: "default"
2023-10-11T12:34:18.109+05:30  INFO 55019 --- [main] o.apache.catalina.core.StandardService   : Starting service [Tomcat]
2023-10-11T12:34:18.110+05:30  INFO 55019 --- [main] o.apache.catalina.core.StandardEngine    : Starting Servlet engine: [Apache Tomcat/10.1.11]
2023-10-11T12:34:18.254+05:30  INFO 55019 --- [main] o.a.c.c.C.[Tomcat].[localhost].[/]       : Initializing Spring embedded WebApplicationContext
2023-10-11T12:34:18.646+05:30  INFO 55019 --- [main] o.hibernate.jpa.internal.util.LogHelper  : HHH000204: Processing PersistenceUnitInfo [name: default]
2023-10-11T12:34:18.689+05:30  INFO 55019 --- [main] org.hibernate.Version                    : HHH000412: Hibernate ORM core version 6.2.6.Final
2023-10-11T12:34:18.691+05:30  INFO 55019 --- [main] org.hibernate.cfg.Environment            : HHH000406: Using bytecode reflection optimizer
2023-10-11T12:34:18.997+05:30  INFO 55019 --- [main] o.h.b.i.BytecodeProviderInitiator        : HHH000021: Bytecode provider name : bytebuddy
2023-10-11T12:34:19.182+05:30  INFO 55019 --- [main] com.zaxxer.hikari.HikariDataSource       : HikariPool-1 - Starting...
2023-10-11T12:34:19.693+05:30  INFO 55019 --- [main] com.zaxxer.hikari.pool.HikariPool        : HikariPool-1 - Added connection com.mysql.cj.jdbc.ConnectionImpl@5d08976a
2023-10-11T12:34:19.696+05:30  INFO 55019 --- [main] com.zaxxer.hikari.HikariDataSource       : HikariPool-1 - Start completed.
2023-10-11T12:34:20.082+05:30  INFO 55019 --- [main] o.h.b.i.BytecodeProviderInitiator        : HHH000021: Bytecode provider name : bytebuddy
2023-10-11T12:34:21.295+05:30  INFO 55019 --- [main] o.h.e.t.j.p.i.JtaPlatformInitiator       : HHH000490: Using JtaPlatform implementation: [org.hibernate.engine.transaction.jta.platform.internal.NoJtaPlatform]
2023-10-11T12:34:24.164+05:30  INFO 55019 --- [main] c.c.s.helper_App.DemoApplication         : Started DemoApplication in 10.236 seconds (process running for 11.068)
2023-10-11T12:34:57.095+05:30  INFO 55019 --- [http-nio-8009-exec-2] o.a.c.c.C.[Tomcat].[localhost].[/]       : Initializing Spring DispatcherServlet 'dispatcherServlet'
2023-10-11T12:34:57.553+05:30  INFO 55019 --- [http-nio-8009-exec-2] c.c.s.h.a.AspectForExceptionHandling     : Method started: AuthController.registerUser(..)
2023-10-11T12:34:57.743+05:30 ERROR 55019 --- [http-nio-8009-exec-2] c.c.s.h.a.AspectForExceptionHandling     : Exception occurred in method: AuthController.registerUser(..), Exception message: User with this email already exists.
2023-10-11T12:35:01.962+05:30  INFO 55019 --- [http-nio-8009-exec-4] c.c.s.h.a.AspectForExceptionHandling     : Method started: AuthController.registerUser(..)
2023-10-11T12:35:02.139+05:30 ERROR 55019 --- [http-nio-8009-exec-4] c.c.s.h.a.AspectForExceptionHandling     : Exception occurred in method: AuthController.registerUser(..), Exception message: Validation failed for classes [com.cdw.springenablement.helper_App.entity.Users] during persist time for groups [jakarta.validation.groups.Default, ]
List of constraint violations:[
	ConstraintViolationImpl{interpolatedMessage='Username must contain only letters ', propertyPath=firstName, rootBeanClass=class com.cdw.springenablement.helper_App.entity.Users, messageTemplate='Username must contain only letters '}
	ConstraintViolationImpl{interpolatedMessage='size must be between 5 and 2147483647', propertyPath=firstName, rootBeanClass=class com.cdw.springenablement.helper_App.entity.Users, messageTemplate='{jakarta.validation.constraints.Size.message}'}
]
2023-10-11T12:35:24.087+05:30  INFO 55019 --- [http-nio-8009-exec-7] c.c.s.h.a.AspectForExceptionHandling     : Method started: AuthController.registerUser(..)
2023-10-11T12:35:24.194+05:30 ERROR 55019 --- [http-nio-8009-exec-7] c.c.s.h.a.AspectForExceptionHandling     : Exception occurred in method: AuthController.registerUser(..), Exception message: Validation failed for classes [com.cdw.springenablement.helper_App.entity.Users] during persist time for groups [jakarta.validation.groups.Default, ]
List of constraint violations:[
	ConstraintViolationImpl{interpolatedMessage='Username must contain only letters ', propertyPath=firstName, rootBeanClass=class com.cdw.springenablement.helper_App.entity.Users, messageTemplate='Username must contain only letters '}
	ConstraintViolationImpl{interpolatedMessage='size must be between 5 and 2147483647', propertyPath=firstName, rootBeanClass=class com.cdw.springenablement.helper_App.entity.Users, messageTemplate='{jakarta.validation.constraints.Size.message}'}
]
2023-10-11T12:39:26.937+05:30  INFO 55019 --- [http-nio-8009-exec-9] c.c.s.h.a.AspectForExceptionHandling     : Method started: AuthController.registerUser(..)
2023-10-11T12:39:27.069+05:30 ERROR 55019 --- [http-nio-8009-exec-9] c.c.s.h.a.AspectForExceptionHandling     : Exception occurred in method: AuthController.registerUser(..), Exception message: Validation failed for classes [com.cdw.springenablement.helper_App.entity.Users] during persist time for groups [jakarta.validation.groups.Default, ]
List of constraint violations:[
	ConstraintViolationImpl{interpolatedMessage='Username must contain only letters ', propertyPath=firstName, rootBeanClass=class com.cdw.springenablement.helper_App.entity.Users, messageTemplate='Username must contain only letters '}
]
2023-10-11T12:39:43.962+05:30  INFO 55019 --- [http-nio-8009-exec-1] c.c.s.h.a.AspectForExceptionHandling     : Method started: AuthController.registerUser(..)
2023-10-11T12:39:44.073+05:30 ERROR 55019 --- [http-nio-8009-exec-1] c.c.s.h.a.AspectForExceptionHandling     : Exception occurred in method: AuthController.registerUser(..), Exception message: Validation failed for classes [com.cdw.springenablement.helper_App.entity.Users] during persist time for groups [jakarta.validation.groups.Default, ]
List of constraint violations:[
	ConstraintViolationImpl{interpolatedMessage='Username must contain only letters ', propertyPath=firstName, rootBeanClass=class com.cdw.springenablement.helper_App.entity.Users, messageTemplate='Username must contain only letters '}
	ConstraintViolationImpl{interpolatedMessage='size must be between 1 and 2147483647', propertyPath=lastName, rootBeanClass=class com.cdw.springenablement.helper_App.entity.Users, messageTemplate='{jakarta.validation.constraints.Size.message}'}
]
2023-10-11T12:39:52.130+05:30  INFO 55019 --- [http-nio-8009-exec-4] c.c.s.h.a.AspectForExceptionHandling     : Method started: AuthController.registerUser(..)
2023-10-11T12:39:52.251+05:30 ERROR 55019 --- [http-nio-8009-exec-4] c.c.s.h.a.AspectForExceptionHandling     : Exception occurred in method: AuthController.registerUser(..), Exception message: Validation failed for classes [com.cdw.springenablement.helper_App.entity.Users] during persist time for groups [jakarta.validation.groups.Default, ]
List of constraint violations:[
	ConstraintViolationImpl{interpolatedMessage='size must be between 1 and 2147483647', propertyPath=lastName, rootBeanClass=class com.cdw.springenablement.helper_App.entity.Users, messageTemplate='{jakarta.validation.constraints.Size.message}'}
	ConstraintViolationImpl{interpolatedMessage='Gender must be FEMALE or MALE', propertyPath=gender, rootBeanClass=class com.cdw.springenablement.helper_App.entity.Users, messageTemplate='Gender must be FEMALE or MALE'}
	ConstraintViolationImpl{interpolatedMessage='Username must contain only letters ', propertyPath=firstName, rootBeanClass=class com.cdw.springenablement.helper_App.entity.Users, messageTemplate='Username must contain only letters '}
]
2023-10-11T12:48:40.342+05:30  INFO 55019 --- [SpringApplicationShutdownHook] com.zaxxer.hikari.HikariDataSource       : HikariPool-1 - Shutdown initiated...
2023-10-11T12:48:40.383+05:30  INFO 55019 --- [SpringApplicationShutdownHook] com.zaxxer.hikari.HikariDataSource       : HikariPool-1 - Shutdown completed.
2023-10-11T12:48:49.266+05:30  INFO 55366 --- [main] c.c.s.helper_App.DemoApplication         : Starting DemoApplication using Java 20.0.1 with PID 55366 (/Users/pavithra/Documents/HelperApp Update/target/classes started by pavithra in /Users/pavithra/Documents/HelperApp Update)
2023-10-11T12:48:49.270+05:30  INFO 55366 --- [main] c.c.s.helper_App.DemoApplication         : No active profile set, falling back to 1 default profile: "default"
2023-10-11T12:48:52.625+05:30  INFO 55366 --- [main] o.apache.catalina.core.StandardService   : Starting service [Tomcat]
2023-10-11T12:48:52.626+05:30  INFO 55366 --- [main] o.apache.catalina.core.StandardEngine    : Starting Servlet engine: [Apache Tomcat/10.1.11]
2023-10-11T12:48:52.759+05:30  INFO 55366 --- [main] o.a.c.c.C.[Tomcat].[localhost].[/]       : Initializing Spring embedded WebApplicationContext
2023-10-11T12:48:53.128+05:30  INFO 55366 --- [main] o.hibernate.jpa.internal.util.LogHelper  : HHH000204: Processing PersistenceUnitInfo [name: default]
2023-10-11T12:48:53.165+05:30  INFO 55366 --- [main] org.hibernate.Version                    : HHH000412: Hibernate ORM core version 6.2.6.Final
2023-10-11T12:48:53.169+05:30  INFO 55366 --- [main] org.hibernate.cfg.Environment            : HHH000406: Using bytecode reflection optimizer
2023-10-11T12:48:53.456+05:30  INFO 55366 --- [main] o.h.b.i.BytecodeProviderInitiator        : HHH000021: Bytecode provider name : bytebuddy
2023-10-11T12:48:53.643+05:30  INFO 55366 --- [main] com.zaxxer.hikari.HikariDataSource       : HikariPool-1 - Starting...
2023-10-11T12:48:54.109+05:30  INFO 55366 --- [main] com.zaxxer.hikari.pool.HikariPool        : HikariPool-1 - Added connection com.mysql.cj.jdbc.ConnectionImpl@5d08976a
2023-10-11T12:48:54.112+05:30  INFO 55366 --- [main] com.zaxxer.hikari.HikariDataSource       : HikariPool-1 - Start completed.
2023-10-11T12:48:54.488+05:30  INFO 55366 --- [main] o.h.b.i.BytecodeProviderInitiator        : HHH000021: Bytecode provider name : bytebuddy
2023-10-11T12:48:55.614+05:30  INFO 55366 --- [main] o.h.e.t.j.p.i.JtaPlatformInitiator       : HHH000490: Using JtaPlatform implementation: [org.hibernate.engine.transaction.jta.platform.internal.NoJtaPlatform]
2023-10-11T12:48:58.243+05:30  INFO 55366 --- [main] c.c.s.helper_App.DemoApplication         : Started DemoApplication in 9.726 seconds (process running for 10.333)
2023-10-11T13:04:33.943+05:30  WARN 55366 --- [HikariPool-1 housekeeper] com.zaxxer.hikari.pool.HikariPool        : HikariPool-1 - Thread starvation or clock leap detected (housekeeper delta=3m39s609ms).
2023-10-11T13:52:29.444+05:30  WARN 55366 --- [HikariPool-1 housekeeper] com.zaxxer.hikari.pool.HikariPool        : HikariPool-1 - Thread starvation or clock leap detected (housekeeper delta=35m25s381ms).
2023-10-11T13:56:07.011+05:30  INFO 55366 --- [SpringApplicationShutdownHook] com.zaxxer.hikari.HikariDataSource       : HikariPool-1 - Shutdown initiated...
2023-10-11T13:56:07.030+05:30  INFO 55366 --- [SpringApplicationShutdownHook] com.zaxxer.hikari.HikariDataSource       : HikariPool-1 - Shutdown completed.
2023-10-11T13:56:17.330+05:30  INFO 56330 --- [main] c.c.s.helper_App.DemoApplication         : Starting DemoApplication using Java 20.0.1 with PID 56330 (/Users/pavithra/Documents/HelperApp Update/target/classes started by pavithra in /Users/pavithra/Documents/HelperApp Update)
2023-10-11T13:56:17.333+05:30  INFO 56330 --- [main] c.c.s.helper_App.DemoApplication         : No active profile set, falling back to 1 default profile: "default"
2023-10-11T13:56:20.872+05:30  INFO 56330 --- [main] o.apache.catalina.core.StandardService   : Starting service [Tomcat]
2023-10-11T13:56:20.873+05:30  INFO 56330 --- [main] o.apache.catalina.core.StandardEngine    : Starting Servlet engine: [Apache Tomcat/10.1.11]
2023-10-11T13:56:20.997+05:30  INFO 56330 --- [main] o.a.c.c.C.[Tomcat].[localhost].[/]       : Initializing Spring embedded WebApplicationContext
2023-10-11T13:56:21.446+05:30  INFO 56330 --- [main] o.hibernate.jpa.internal.util.LogHelper  : HHH000204: Processing PersistenceUnitInfo [name: default]
2023-10-11T13:56:21.579+05:30  INFO 56330 --- [main] org.hibernate.Version                    : HHH000412: Hibernate ORM core version 6.2.6.Final
2023-10-11T13:56:21.615+05:30  INFO 56330 --- [main] org.hibernate.cfg.Environment            : HHH000406: Using bytecode reflection optimizer
2023-10-11T13:56:21.803+05:30  INFO 56330 --- [main] o.h.b.i.BytecodeProviderInitiator        : HHH000021: Bytecode provider name : bytebuddy
2023-10-11T13:56:21.974+05:30  INFO 56330 --- [main] com.zaxxer.hikari.HikariDataSource       : HikariPool-1 - Starting...
2023-10-11T13:56:22.437+05:30  INFO 56330 --- [main] com.zaxxer.hikari.pool.HikariPool        : HikariPool-1 - Added connection com.mysql.cj.jdbc.ConnectionImpl@63cf578f
2023-10-11T13:56:22.441+05:30  INFO 56330 --- [main] com.zaxxer.hikari.HikariDataSource       : HikariPool-1 - Start completed.
2023-10-11T13:56:22.866+05:30  INFO 56330 --- [main] o.h.b.i.BytecodeProviderInitiator        : HHH000021: Bytecode provider name : bytebuddy
2023-10-11T13:56:24.019+05:30  INFO 56330 --- [main] o.h.e.t.j.p.i.JtaPlatformInitiator       : HHH000490: Using JtaPlatform implementation: [org.hibernate.engine.transaction.jta.platform.internal.NoJtaPlatform]
2023-10-11T13:56:26.739+05:30  INFO 56330 --- [main] c.c.s.helper_App.DemoApplication         : Started DemoApplication in 10.066 seconds (process running for 10.795)
2023-10-11T13:57:25.204+05:30  INFO 56330 --- [http-nio-8009-exec-1] o.a.c.c.C.[Tomcat].[localhost].[/]       : Initializing Spring DispatcherServlet 'dispatcherServlet'
2023-10-11T13:57:25.665+05:30  INFO 56330 --- [http-nio-8009-exec-1] c.c.s.h.a.AspectForExceptionHandling     : Method started: AuthController.registerUser(..)
2023-10-11T13:57:26.005+05:30 ERROR 56330 --- [http-nio-8009-exec-1] c.c.s.h.a.AspectForExceptionHandling     : Exception occurred in method: AuthController.registerUser(..), Exception message: Validation failed for classes [com.cdw.springenablement.helper_App.entity.Users] during persist time for groups [jakarta.validation.groups.Default, ]
List of constraint violations:[
	ConstraintViolationImpl{interpolatedMessage='Gender must be FEMALE or MALE', propertyPath=gender, rootBeanClass=class com.cdw.springenablement.helper_App.entity.Users, messageTemplate='Gender must be FEMALE or MALE'}
	ConstraintViolationImpl{interpolatedMessage='Username must contain only letters ', propertyPath=firstName, rootBeanClass=class com.cdw.springenablement.helper_App.entity.Users, messageTemplate='Username must contain only letters '}
	ConstraintViolationImpl{interpolatedMessage='size must be between 1 and 2147483647', propertyPath=lastName, rootBeanClass=class com.cdw.springenablement.helper_App.entity.Users, messageTemplate='{jakarta.validation.constraints.Size.message}'}
]
2023-10-11T13:57:34.774+05:30  INFO 56330 --- [http-nio-8009-exec-4] c.c.s.h.a.AspectForExceptionHandling     : Method started: AuthController.registerUser(..)
2023-10-11T13:57:34.886+05:30 ERROR 56330 --- [http-nio-8009-exec-4] c.c.s.h.a.AspectForExceptionHandling     : Exception occurred in method: AuthController.registerUser(..), Exception message: Validation failed for classes [com.cdw.springenablement.helper_App.entity.Users] during persist time for groups [jakarta.validation.groups.Default, ]
List of constraint violations:[
	ConstraintViolationImpl{interpolatedMessage='size must be between 1 and 2147483647', propertyPath=lastName, rootBeanClass=class com.cdw.springenablement.helper_App.entity.Users, messageTemplate='{jakarta.validation.constraints.Size.message}'}
	ConstraintViolationImpl{interpolatedMessage='Gender must be FEMALE or MALE', propertyPath=gender, rootBeanClass=class com.cdw.springenablement.helper_App.entity.Users, messageTemplate='Gender must be FEMALE or MALE'}
	ConstraintViolationImpl{interpolatedMessage='Username must contain only letters ', propertyPath=firstName, rootBeanClass=class com.cdw.springenablement.helper_App.entity.Users, messageTemplate='Username must contain only letters '}
]
2023-10-11T13:57:47.629+05:30  INFO 56330 --- [http-nio-8009-exec-5] c.c.s.h.a.AspectForExceptionHandling     : Method started: AuthController.registerUser(..)
2023-10-11T13:57:47.738+05:30 ERROR 56330 --- [http-nio-8009-exec-5] c.c.s.h.a.AspectForExceptionHandling     : Exception occurred in method: AuthController.registerUser(..), Exception message: Validation failed for classes [com.cdw.springenablement.helper_App.entity.Users] during persist time for groups [jakarta.validation.groups.Default, ]
List of constraint violations:[
	ConstraintViolationImpl{interpolatedMessage='size must be between 5 and 2147483647', propertyPath=firstName, rootBeanClass=class com.cdw.springenablement.helper_App.entity.Users, messageTemplate='{jakarta.validation.constraints.Size.message}'}
	ConstraintViolationImpl{interpolatedMessage='size must be between 1 and 2147483647', propertyPath=lastName, rootBeanClass=class com.cdw.springenablement.helper_App.entity.Users, messageTemplate='{jakarta.validation.constraints.Size.message}'}
	ConstraintViolationImpl{interpolatedMessage='Gender must be FEMALE or MALE', propertyPath=gender, rootBeanClass=class com.cdw.springenablement.helper_App.entity.Users, messageTemplate='Gender must be FEMALE or MALE'}
	ConstraintViolationImpl{interpolatedMessage='Username must contain only letters ', propertyPath=firstName, rootBeanClass=class com.cdw.springenablement.helper_App.entity.Users, messageTemplate='Username must contain only letters '}
]
2023-10-11T13:58:32.324+05:30  INFO 56330 --- [http-nio-8009-exec-8] c.c.s.h.a.AspectForExceptionHandling     : Method started: AuthController.logoutUser(..)
2023-10-11T13:58:32.412+05:30  INFO 56330 --- [http-nio-8009-exec-8] c.c.s.h.a.AspectForExceptionHandling     : Method finished: AuthController.logoutUser(..)
2023-10-11T13:58:33.205+05:30  INFO 56330 --- [http-nio-8009-exec-9] c.c.s.h.a.AspectForExceptionHandling     : Method started: AuthController.logoutUser(..)
2023-10-11T13:58:33.215+05:30  INFO 56330 --- [http-nio-8009-exec-9] c.c.s.h.a.AspectForExceptionHandling     : Method finished: AuthController.logoutUser(..)
2023-10-11T13:58:36.548+05:30  INFO 56330 --- [http-nio-8009-exec-10] c.c.s.h.a.AspectForExceptionHandling     : Method started: AuthController.loginUser(..)
2023-10-11T13:58:36.781+05:30  INFO 56330 --- [http-nio-8009-exec-10] c.c.s.h.a.AspectForExceptionHandling     : Method finished: AuthController.loginUser(..)
2023-10-11T14:00:11.853+05:30  INFO 56330 --- [http-nio-8009-exec-6] c.c.s.h.a.AspectForExceptionHandling     : Method started: AuthController.registerUser(..)
2023-10-11T14:00:11.977+05:30 ERROR 56330 --- [http-nio-8009-exec-6] c.c.s.h.a.AspectForExceptionHandling     : Exception occurred in method: AuthController.registerUser(..), Exception message: Validation failed for classes [com.cdw.springenablement.helper_App.entity.Users] during persist time for groups [jakarta.validation.groups.Default, ]
List of constraint violations:[
	ConstraintViolationImpl{interpolatedMessage='size must be between 5 and 2147483647', propertyPath=firstName, rootBeanClass=class com.cdw.springenablement.helper_App.entity.Users, messageTemplate='{jakarta.validation.constraints.Size.message}'}
	ConstraintViolationImpl{interpolatedMessage='Gender must be FEMALE or MALE', propertyPath=gender, rootBeanClass=class com.cdw.springenablement.helper_App.entity.Users, messageTemplate='Gender must be FEMALE or MALE'}
	ConstraintViolationImpl{interpolatedMessage='Username must contain only letters ', propertyPath=firstName, rootBeanClass=class com.cdw.springenablement.helper_App.entity.Users, messageTemplate='Username must contain only letters '}
	ConstraintViolationImpl{interpolatedMessage='size must be between 1 and 2147483647', propertyPath=lastName, rootBeanClass=class com.cdw.springenablement.helper_App.entity.Users, messageTemplate='{jakarta.validation.constraints.Size.message}'}
]
2023-10-11T14:00:32.958+05:30  INFO 56330 --- [http-nio-8009-exec-7] c.c.s.h.a.AspectForExceptionHandling     : Method started: AuthController.registerUser(..)
2023-10-11T14:00:33.074+05:30 ERROR 56330 --- [http-nio-8009-exec-7] c.c.s.h.a.AspectForExceptionHandling     : Exception occurred in method: AuthController.registerUser(..), Exception message: Validation failed for classes [com.cdw.springenablement.helper_App.entity.Users] during persist time for groups [jakarta.validation.groups.Default, ]
List of constraint violations:[
	ConstraintViolationImpl{interpolatedMessage='Gender must be FEMALE or MALE', propertyPath=gender, rootBeanClass=class com.cdw.springenablement.helper_App.entity.Users, messageTemplate='Gender must be FEMALE or MALE'}
]
2023-10-11T14:00:39.001+05:30  INFO 56330 --- [http-nio-8009-exec-9] c.c.s.h.a.AspectForExceptionHandling     : Method started: AuthController.registerUser(..)
2023-10-11T14:00:39.174+05:30  INFO 56330 --- [http-nio-8009-exec-9] c.c.s.h.a.AspectForExceptionHandling     : Method finished: AuthController.registerUser(..)
2023-10-11T14:00:58.251+05:30  INFO 56330 --- [http-nio-8009-exec-10] c.c.s.h.a.AspectForExceptionHandling     : Method started: AuthController.loginUser(..)
2023-10-11T14:00:58.364+05:30  INFO 56330 --- [http-nio-8009-exec-10] c.c.s.h.a.AspectForExceptionHandling     : Method finished: AuthController.loginUser(..)
2023-10-11T14:01:06.433+05:30  INFO 56330 --- [http-nio-8009-exec-2] c.c.s.h.a.AspectForExceptionHandling     : Method started: AdminController.getApprovalRequest()
2023-10-11T14:01:06.482+05:30  INFO 56330 --- [http-nio-8009-exec-2] c.c.s.h.a.AspectForExceptionHandling     : Method finished: AdminController.getApprovalRequest()
2023-10-11T14:02:02.440+05:30  INFO 56330 --- [http-nio-8009-exec-3] c.c.s.h.a.AspectForExceptionHandling     : Method started: AdminController.approveRequest(..)
2023-10-11T14:02:02.486+05:30  INFO 56330 --- [http-nio-8009-exec-3] c.c.s.h.a.AspectForExceptionHandling     : Method finished: AdminController.approveRequest(..)
2023-10-11T14:02:27.337+05:30  INFO 56330 --- [http-nio-8009-exec-4] c.c.s.h.a.AspectForExceptionHandling     : Method started: AuthController.registerUser(..)
2023-10-11T14:02:27.339+05:30  INFO 56330 --- [http-nio-8009-exec-4] c.c.s.h.a.AspectForExceptionHandling     : Method finished: AuthController.registerUser(..)
2023-10-11T14:03:12.747+05:30  INFO 56330 --- [http-nio-8009-exec-6] c.c.s.h.a.AspectForExceptionHandling     : Method started: AuthController.registerUser(..)
2023-10-11T14:03:12.880+05:30  INFO 56330 --- [http-nio-8009-exec-6] c.c.s.h.a.AspectForExceptionHandling     : Method finished: AuthController.registerUser(..)
2023-10-11T14:03:35.492+05:30  INFO 56330 --- [http-nio-8009-exec-5] c.c.s.h.a.AspectForExceptionHandling     : Method started: AdminController.getApprovalRequest()
2023-10-11T14:03:35.506+05:30  INFO 56330 --- [http-nio-8009-exec-5] c.c.s.h.a.AspectForExceptionHandling     : Method finished: AdminController.getApprovalRequest()
2023-10-11T14:03:35.830+05:30  INFO 56330 --- [http-nio-8009-exec-7] c.c.s.h.a.AspectForExceptionHandling     : Method started: AdminController.getApprovalRequest()
2023-10-11T14:03:35.839+05:30  INFO 56330 --- [http-nio-8009-exec-7] c.c.s.h.a.AspectForExceptionHandling     : Method finished: AdminController.getApprovalRequest()
2023-10-11T14:03:36.201+05:30  INFO 56330 --- [http-nio-8009-exec-8] c.c.s.h.a.AspectForExceptionHandling     : Method started: AdminController.getApprovalRequest()
2023-10-11T14:03:36.211+05:30  INFO 56330 --- [http-nio-8009-exec-8] c.c.s.h.a.AspectForExceptionHandling     : Method finished: AdminController.getApprovalRequest()
2023-10-11T14:03:53.105+05:30  INFO 56330 --- [http-nio-8009-exec-10] c.c.s.h.a.AspectForExceptionHandling     : Method started: AdminController.rejectRequest(..)
2023-10-11T14:03:53.131+05:30  INFO 56330 --- [http-nio-8009-exec-10] c.c.s.h.a.AspectForExceptionHandling     : Method finished: AdminController.rejectRequest(..)
2023-10-11T14:04:07.552+05:30  INFO 56330 --- [http-nio-8009-exec-2] c.c.s.h.a.AspectForExceptionHandling     : Method started: AuthController.loginUser(..)
2023-10-11T14:04:07.682+05:30  INFO 56330 --- [http-nio-8009-exec-2] c.c.s.h.a.AspectForExceptionHandling     : Method finished: AuthController.loginUser(..)
2023-10-11T14:06:29.840+05:30  INFO 56330 --- [SpringApplicationShutdownHook] com.zaxxer.hikari.HikariDataSource       : HikariPool-1 - Shutdown initiated...
2023-10-11T14:06:29.859+05:30  INFO 56330 --- [SpringApplicationShutdownHook] com.zaxxer.hikari.HikariDataSource       : HikariPool-1 - Shutdown completed.
2023-10-11T14:06:39.679+05:30  INFO 56695 --- [main] c.c.s.helper_App.DemoApplication         : Starting DemoApplication using Java 20.0.1 with PID 56695 (/Users/pavithra/Documents/HelperApp Update/target/classes started by pavithra in /Users/pavithra/Documents/HelperApp Update)
2023-10-11T14:06:39.682+05:30  INFO 56695 --- [main] c.c.s.helper_App.DemoApplication         : No active profile set, falling back to 1 default profile: "default"
2023-10-11T14:06:43.552+05:30  INFO 56695 --- [main] o.apache.catalina.core.StandardService   : Starting service [Tomcat]
2023-10-11T14:06:43.560+05:30  INFO 56695 --- [main] o.apache.catalina.core.StandardEngine    : Starting Servlet engine: [Apache Tomcat/10.1.11]
2023-10-11T14:06:43.802+05:30  INFO 56695 --- [main] o.a.c.c.C.[Tomcat].[localhost].[/]       : Initializing Spring embedded WebApplicationContext
2023-10-11T14:06:44.311+05:30  INFO 56695 --- [main] o.hibernate.jpa.internal.util.LogHelper  : HHH000204: Processing PersistenceUnitInfo [name: default]
2023-10-11T14:06:44.356+05:30  INFO 56695 --- [main] org.hibernate.Version                    : HHH000412: Hibernate ORM core version 6.2.6.Final
2023-10-11T14:06:44.359+05:30  INFO 56695 --- [main] org.hibernate.cfg.Environment            : HHH000406: Using bytecode reflection optimizer
2023-10-11T14:06:44.671+05:30  INFO 56695 --- [main] o.h.b.i.BytecodeProviderInitiator        : HHH000021: Bytecode provider name : bytebuddy
2023-10-11T14:06:44.862+05:30  INFO 56695 --- [main] com.zaxxer.hikari.HikariDataSource       : HikariPool-1 - Starting...
2023-10-11T14:06:45.311+05:30  INFO 56695 --- [main] com.zaxxer.hikari.pool.HikariPool        : HikariPool-1 - Added connection com.mysql.cj.jdbc.ConnectionImpl@5d08976a
2023-10-11T14:06:45.313+05:30  INFO 56695 --- [main] com.zaxxer.hikari.HikariDataSource       : HikariPool-1 - Start completed.
2023-10-11T14:06:45.681+05:30  INFO 56695 --- [main] o.h.b.i.BytecodeProviderInitiator        : HHH000021: Bytecode provider name : bytebuddy
2023-10-11T14:06:46.779+05:30  INFO 56695 --- [main] o.h.e.t.j.p.i.JtaPlatformInitiator       : HHH000490: Using JtaPlatform implementation: [org.hibernate.engine.transaction.jta.platform.internal.NoJtaPlatform]
2023-10-11T14:06:49.535+05:30  INFO 56695 --- [main] c.c.s.helper_App.DemoApplication         : Started DemoApplication in 10.647 seconds (process running for 11.219)
2023-10-11T14:15:05.892+05:30  WARN 56695 --- [HikariPool-1 housekeeper] com.zaxxer.hikari.pool.HikariPool        : HikariPool-1 - Thread starvation or clock leap detected (housekeeper delta=8m20s450ms).
2023-10-11T14:16:11.975+05:30  INFO 56695 --- [SpringApplicationShutdownHook] com.zaxxer.hikari.HikariDataSource       : HikariPool-1 - Shutdown initiated...
2023-10-11T14:16:12.014+05:30  INFO 56695 --- [SpringApplicationShutdownHook] com.zaxxer.hikari.HikariDataSource       : HikariPool-1 - Shutdown completed.
2023-10-11T14:16:53.000+05:30  INFO 56846 --- [main] c.c.s.helper_App.DemoApplication         : Starting DemoApplication using Java 20.0.1 with PID 56846 (/Users/pavithra/Documents/HelperApp Update/target/classes started by pavithra in /Users/pavithra/Documents/HelperApp Update)
2023-10-11T14:16:53.003+05:30  INFO 56846 --- [main] c.c.s.helper_App.DemoApplication         : No active profile set, falling back to 1 default profile: "default"
2023-10-11T14:16:56.195+05:30  INFO 56846 --- [main] o.apache.catalina.core.StandardService   : Starting service [Tomcat]
2023-10-11T14:16:56.195+05:30  INFO 56846 --- [main] o.apache.catalina.core.StandardEngine    : Starting Servlet engine: [Apache Tomcat/10.1.11]
2023-10-11T14:16:56.333+05:30  INFO 56846 --- [main] o.a.c.c.C.[Tomcat].[localhost].[/]       : Initializing Spring embedded WebApplicationContext
2023-10-11T14:16:56.708+05:30  INFO 56846 --- [main] o.hibernate.jpa.internal.util.LogHelper  : HHH000204: Processing PersistenceUnitInfo [name: default]
2023-10-11T14:16:56.743+05:30  INFO 56846 --- [main] org.hibernate.Version                    : HHH000412: Hibernate ORM core version 6.2.6.Final
2023-10-11T14:16:56.746+05:30  INFO 56846 --- [main] org.hibernate.cfg.Environment            : HHH000406: Using bytecode reflection optimizer
2023-10-11T14:16:57.036+05:30  INFO 56846 --- [main] o.h.b.i.BytecodeProviderInitiator        : HHH000021: Bytecode provider name : bytebuddy
2023-10-11T14:16:57.223+05:30  INFO 56846 --- [main] com.zaxxer.hikari.HikariDataSource       : HikariPool-1 - Starting...
2023-10-11T14:16:57.667+05:30  INFO 56846 --- [main] com.zaxxer.hikari.pool.HikariPool        : HikariPool-1 - Added connection com.mysql.cj.jdbc.ConnectionImpl@5d08976a
2023-10-11T14:16:57.670+05:30  INFO 56846 --- [main] com.zaxxer.hikari.HikariDataSource       : HikariPool-1 - Start completed.
2023-10-11T14:16:58.023+05:30  INFO 56846 --- [main] o.h.b.i.BytecodeProviderInitiator        : HHH000021: Bytecode provider name : bytebuddy
2023-10-11T14:16:59.116+05:30  INFO 56846 --- [main] o.h.e.t.j.p.i.JtaPlatformInitiator       : HHH000490: Using JtaPlatform implementation: [org.hibernate.engine.transaction.jta.platform.internal.NoJtaPlatform]
2023-10-11T14:17:01.858+05:30  INFO 56846 --- [main] c.c.s.helper_App.DemoApplication         : Started DemoApplication in 9.664 seconds (process running for 10.274)
2023-10-11T14:17:13.975+05:30  INFO 56846 --- [http-nio-8009-exec-2] o.a.c.c.C.[Tomcat].[localhost].[/]       : Initializing Spring DispatcherServlet 'dispatcherServlet'
2023-10-11T14:17:14.186+05:30  INFO 56846 --- [http-nio-8009-exec-2] c.c.s.h.a.AspectForExceptionHandling     : Method started: AuthController.loginUser(..)
2023-10-11T14:17:14.351+05:30  INFO 56846 --- [http-nio-8009-exec-2] c.c.s.h.a.AspectForExceptionHandling     : Method finished: AuthController.loginUser(..)
2023-10-11T15:28:25.468+05:30  WARN 56846 --- [HikariPool-1 housekeeper] com.zaxxer.hikari.pool.HikariPool        : HikariPool-1 - Thread starvation or clock leap detected (housekeeper delta=20m27s295ms).
2023-10-11T16:26:59.673+05:30  WARN 56846 --- [HikariPool-1 housekeeper] com.zaxxer.hikari.pool.HikariPool        : HikariPool-1 - Thread starvation or clock leap detected (housekeeper delta=15m33s829ms).
2023-10-11T16:45:42.475+05:30  INFO 56846 --- [http-nio-8009-exec-4] c.c.s.h.a.AspectForExceptionHandling     : Method started: AuthController.registerUser(..)
2023-10-11T16:45:42.665+05:30 ERROR 56846 --- [http-nio-8009-exec-4] c.c.s.h.a.AspectForExceptionHandling     : Exception occurred in method: AuthController.registerUser(..), Exception message: User with this email already exists.
2023-10-11T16:46:09.801+05:30  INFO 56846 --- [SpringApplicationShutdownHook] com.zaxxer.hikari.HikariDataSource       : HikariPool-1 - Shutdown initiated...
2023-10-11T16:46:09.812+05:30  INFO 56846 --- [SpringApplicationShutdownHook] com.zaxxer.hikari.HikariDataSource       : HikariPool-1 - Shutdown completed.
2023-10-11T16:46:25.290+05:30  INFO 61001 --- [main] c.c.s.helper_App.DemoApplication         : Starting DemoApplication using Java 20.0.1 with PID 61001 (/Users/pavithra/Documents/HelperApp Update/target/classes started by pavithra in /Users/pavithra/Documents/HelperApp Update)
2023-10-11T16:46:25.294+05:30  INFO 61001 --- [main] c.c.s.helper_App.DemoApplication         : No active profile set, falling back to 1 default profile: "default"
2023-10-11T16:46:28.869+05:30  INFO 61001 --- [main] o.apache.catalina.core.StandardService   : Starting service [Tomcat]
2023-10-11T16:46:28.870+05:30  INFO 61001 --- [main] o.apache.catalina.core.StandardEngine    : Starting Servlet engine: [Apache Tomcat/10.1.11]
2023-10-11T16:46:29.017+05:30  INFO 61001 --- [main] o.a.c.c.C.[Tomcat].[localhost].[/]       : Initializing Spring embedded WebApplicationContext
2023-10-11T16:46:29.383+05:30  INFO 61001 --- [main] o.hibernate.jpa.internal.util.LogHelper  : HHH000204: Processing PersistenceUnitInfo [name: default]
2023-10-11T16:46:29.427+05:30  INFO 61001 --- [main] org.hibernate.Version                    : HHH000412: Hibernate ORM core version 6.2.6.Final
2023-10-11T16:46:29.431+05:30  INFO 61001 --- [main] org.hibernate.cfg.Environment            : HHH000406: Using bytecode reflection optimizer
2023-10-11T16:46:29.737+05:30  INFO 61001 --- [main] o.h.b.i.BytecodeProviderInitiator        : HHH000021: Bytecode provider name : bytebuddy
2023-10-11T16:46:29.923+05:30  INFO 61001 --- [main] com.zaxxer.hikari.HikariDataSource       : HikariPool-1 - Starting...
2023-10-11T16:46:30.401+05:30  INFO 61001 --- [main] com.zaxxer.hikari.pool.HikariPool        : HikariPool-1 - Added connection com.mysql.cj.jdbc.ConnectionImpl@5d08976a
2023-10-11T16:46:30.403+05:30  INFO 61001 --- [main] com.zaxxer.hikari.HikariDataSource       : HikariPool-1 - Start completed.
2023-10-11T16:46:30.807+05:30  INFO 61001 --- [main] o.h.b.i.BytecodeProviderInitiator        : HHH000021: Bytecode provider name : bytebuddy
2023-10-11T16:46:31.938+05:30  INFO 61001 --- [main] o.h.e.t.j.p.i.JtaPlatformInitiator       : HHH000490: Using JtaPlatform implementation: [org.hibernate.engine.transaction.jta.platform.internal.NoJtaPlatform]
2023-10-11T16:46:34.561+05:30  INFO 61001 --- [main] c.c.s.helper_App.DemoApplication         : Started DemoApplication in 9.989 seconds (process running for 10.621)
2023-10-11T16:51:19.765+05:30  INFO 61001 --- [http-nio-8009-exec-1] o.a.c.c.C.[Tomcat].[localhost].[/]       : Initializing Spring DispatcherServlet 'dispatcherServlet'
2023-10-11T16:51:20.208+05:30  INFO 61001 --- [http-nio-8009-exec-1] c.c.s.h.a.AspectForExceptionHandling     : Method started: AuthController.registerUser(..)
2023-10-11T16:51:20.384+05:30 ERROR 61001 --- [http-nio-8009-exec-1] c.c.s.h.a.AspectForExceptionHandling     : Exception occurred in method: AuthController.registerUser(..), Exception message: User with this email already exists.
2023-10-11T16:51:29.495+05:30  INFO 61001 --- [http-nio-8009-exec-4] c.c.s.h.a.AspectForExceptionHandling     : Method started: AuthController.registerUser(..)
2023-10-11T16:51:29.500+05:30  INFO 61001 --- [http-nio-8009-exec-4] c.c.s.h.a.AspectForExceptionHandling     : Method finished: AuthController.registerUser(..)
2023-10-11T16:51:45.172+05:30  INFO 61001 --- [http-nio-8009-exec-5] c.c.s.h.a.AspectForExceptionHandling     : Method started: AuthController.registerUser(..)
2023-10-11T16:51:45.174+05:30  INFO 61001 --- [http-nio-8009-exec-5] c.c.s.h.a.AspectForExceptionHandling     : Method finished: AuthController.registerUser(..)
2023-10-11T16:52:06.090+05:30  INFO 61001 --- [http-nio-8009-exec-6] c.c.s.h.a.AspectForExceptionHandling     : Method started: AuthController.registerUser(..)
2023-10-11T16:52:06.103+05:30 ERROR 61001 --- [http-nio-8009-exec-6] c.c.s.h.a.AspectForExceptionHandling     : Exception occurred in method: AuthController.registerUser(..), Exception message: User with this email already exists.
2023-10-11T16:52:09.549+05:30  INFO 61001 --- [http-nio-8009-exec-8] c.c.s.h.a.AspectForExceptionHandling     : Method started: AuthController.registerUser(..)
2023-10-11T16:52:09.761+05:30  INFO 61001 --- [http-nio-8009-exec-8] c.c.s.h.a.AspectForExceptionHandling     : Method finished: AuthController.registerUser(..)
2023-10-11T16:52:50.248+05:30  INFO 61001 --- [http-nio-8009-exec-9] c.c.s.h.a.AspectForExceptionHandling     : Method started: AuthController.loginUser(..)
2023-10-11T16:52:50.257+05:30  INFO 61001 --- [http-nio-8009-exec-9] c.c.s.h.a.AspectForExceptionHandling     : Method finished: AuthController.loginUser(..)
2023-10-11T16:52:56.671+05:30  INFO 61001 --- [http-nio-8009-exec-10] c.c.s.h.a.AspectForExceptionHandling     : Method started: AdminController.getApprovalRequest()
2023-10-11T16:52:56.713+05:30  INFO 61001 --- [http-nio-8009-exec-10] c.c.s.h.a.AspectForExceptionHandling     : Method finished: AdminController.getApprovalRequest()
2023-10-11T16:53:09.083+05:30  INFO 61001 --- [http-nio-8009-exec-2] c.c.s.h.a.AspectForExceptionHandling     : Method started: AdminController.approveRequest(..)
2023-10-11T16:53:09.119+05:30  INFO 61001 --- [http-nio-8009-exec-2] c.c.s.h.a.AspectForExceptionHandling     : Method finished: AdminController.approveRequest(..)
2023-10-11T17:08:52.474+05:30  WARN 61001 --- [HikariPool-1 housekeeper] com.zaxxer.hikari.pool.HikariPool        : HikariPool-1 - Thread starvation or clock leap detected (housekeeper delta=1m21s772ms).
2023-10-11T17:11:13.216+05:30  INFO 61001 --- [SpringApplicationShutdownHook] com.zaxxer.hikari.HikariDataSource       : HikariPool-1 - Shutdown initiated...
2023-10-11T17:11:13.237+05:30  INFO 61001 --- [SpringApplicationShutdownHook] com.zaxxer.hikari.HikariDataSource       : HikariPool-1 - Shutdown completed.
2023-10-11T17:11:17.431+05:30  INFO 61719 --- [main] c.c.s.helper_App.DemoApplication         : Starting DemoApplication using Java 20.0.1 with PID 61719 (/Users/pavithra/Documents/HelperApp Update/target/classes started by pavithra in /Users/pavithra/Documents/HelperApp Update)
2023-10-11T17:11:17.434+05:30  INFO 61719 --- [main] c.c.s.helper_App.DemoApplication         : No active profile set, falling back to 1 default profile: "default"
2023-10-11T17:11:20.958+05:30  INFO 61719 --- [main] o.apache.catalina.core.StandardService   : Starting service [Tomcat]
2023-10-11T17:11:20.958+05:30  INFO 61719 --- [main] o.apache.catalina.core.StandardEngine    : Starting Servlet engine: [Apache Tomcat/10.1.11]
2023-10-11T17:11:21.100+05:30  INFO 61719 --- [main] o.a.c.c.C.[Tomcat].[localhost].[/]       : Initializing Spring embedded WebApplicationContext
2023-10-11T17:11:21.448+05:30  INFO 61719 --- [main] o.hibernate.jpa.internal.util.LogHelper  : HHH000204: Processing PersistenceUnitInfo [name: default]
2023-10-11T17:11:21.488+05:30  INFO 61719 --- [main] org.hibernate.Version                    : HHH000412: Hibernate ORM core version 6.2.6.Final
2023-10-11T17:11:21.491+05:30  INFO 61719 --- [main] org.hibernate.cfg.Environment            : HHH000406: Using bytecode reflection optimizer
2023-10-11T17:11:21.799+05:30  INFO 61719 --- [main] o.h.b.i.BytecodeProviderInitiator        : HHH000021: Bytecode provider name : bytebuddy
2023-10-11T17:11:21.982+05:30  INFO 61719 --- [main] com.zaxxer.hikari.HikariDataSource       : HikariPool-1 - Starting...
2023-10-11T17:11:22.471+05:30  INFO 61719 --- [main] com.zaxxer.hikari.pool.HikariPool        : HikariPool-1 - Added connection com.mysql.cj.jdbc.ConnectionImpl@5d08976a
2023-10-11T17:11:22.474+05:30  INFO 61719 --- [main] com.zaxxer.hikari.HikariDataSource       : HikariPool-1 - Start completed.
2023-10-11T17:11:22.854+05:30  INFO 61719 --- [main] o.h.b.i.BytecodeProviderInitiator        : HHH000021: Bytecode provider name : bytebuddy
2023-10-11T17:11:23.961+05:30  INFO 61719 --- [main] o.h.e.t.j.p.i.JtaPlatformInitiator       : HHH000490: Using JtaPlatform implementation: [org.hibernate.engine.transaction.jta.platform.internal.NoJtaPlatform]
2023-10-11T17:11:26.586+05:30  INFO 61719 --- [main] c.c.s.helper_App.DemoApplication         : Started DemoApplication in 9.899 seconds (process running for 10.551)
